<?xml version="1.0" encoding="UTF-8"?>
<!-- Generated by org.testng.reporters.JUnitReportReporter -->
<testsuite skipped="0" hostname="DESKTOP-95F3AST" name="hello.Sample2" tests="3" failures="0" timestamp="07 Apr 2018 17:34:35 GMT" time="0.029" errors="0">
  <testcase name="testAdd3" time="0.002" classname="hello.Sample2"/>
  <testcase name="testAdd" time="0.020" classname="hello.Sample2"/>
  <testcase name="testAdd2" time="0.007" classname="hello.Sample2"/>
</testsuite> <!-- hello.Sample2 -->
