<?xml version="1.0" encoding="UTF-8"?>
<!-- Generated by org.testng.reporters.JUnitReportReporter -->
<testsuite skipped="0" hostname="DESKTOP-95F3AST" name="hello.TestNGSimpleTest" tests="3" failures="0" timestamp="07 Apr 2018 17:34:35 GMT" time="0.008" errors="0">
  <testcase name="testAdd5" time="0.002" classname="hello.TestNGSimpleTest"/>
  <testcase name="testAdd6" time="0.004" classname="hello.TestNGSimpleTest"/>
  <testcase name="testAdd4" time="0.002" classname="hello.TestNGSimpleTest"/>
</testsuite> <!-- hello.TestNGSimpleTest -->
